<?xml version="1.0" encoding="UTF-8"?>
<!-- Generated by org.testng.reporters.JUnitReportReporter -->
<testsuite hostname="IN-PG02NMEC" failures="0" tests="1" name="test.SearchTest" time="12.072" errors="0" timestamp="2023-08-12T04:20:25 IST" skipped="0">
  <testcase classname="test.SearchTest" name="search" time="12.072"/>
  <system-out/>
</testsuite> <!-- test.SearchTest -->
